2020-09-21 10:50:19.806 INFO  com.ashbell.course.EurekaApplication              :651  [32m        [0;39m No active profile set, falling back to default profiles: default
2020-09-21 10:50:21.279 WARN  o.springframework.boot.actuate.endpoint.EndpointId:155  [32m        [0;39m Endpoint ID 'service-registry' contains invalid characters, please migrate to a valid format.
2020-09-21 10:50:21.613 INFO  o.springframework.cloud.context.scope.GenericScope:295  [32m        [0;39m BeanFactory id=6b41af92-f8a3-372e-be2b-a2f72876d252
2020-09-21 10:50:23.172 INFO  o.s.boot.web.embedded.tomcat.TomcatWebServer      :92   [32m        [0;39m Tomcat initialized with port(s): 8761 (http)
2020-09-21 10:50:23.194 INFO  org.apache.coyote.http11.Http11NioProtocol        :173  [32m        [0;39m Initializing ProtocolHandler ["http-nio-8761"]
2020-09-21 10:50:23.198 INFO  org.apache.catalina.core.StandardService          :173  [32m        [0;39m Starting service [Tomcat]
2020-09-21 10:50:23.199 INFO  org.apache.catalina.core.StandardEngine           :173  [32m        [0;39m Starting Servlet engine: [Apache Tomcat/9.0.29]
2020-09-21 10:50:23.541 INFO  o.a.c.core.ContainerBase.[Tomcat].[localhost].[/] :173  [32m        [0;39m Initializing Spring embedded WebApplicationContext
2020-09-21 10:50:23.541 INFO  org.springframework.web.context.ContextLoader     :284  [32m        [0;39m Root WebApplicationContext: initialization completed in 3708 ms
2020-09-21 10:50:23.703 WARN  com.netflix.config.sources.URLConfigurationSource :121  [32m        [0;39m No URLs will be polled as dynamic configuration sources.
2020-09-21 10:50:23.704 INFO  com.netflix.config.sources.URLConfigurationSource :122  [32m        [0;39m To enable URLs as dynamic configuration sources, define System property archaius.configurationSource.additionalUrls or make config.properties available on classpath.
2020-09-21 10:50:23.717 INFO  com.netflix.config.DynamicPropertyFactory         :281  [32m        [0;39m DynamicPropertyFactory is initialized with configuration sources: com.netflix.config.ConcurrentCompositeConfiguration@36e409e0
2020-09-21 10:50:25.338 INFO  c.s.j.server.impl.application.WebApplicationImpl  :815  [32m        [0;39m Initiating Jersey application, version 'Jersey: 1.19.1 03/11/2016 02:08 PM'
2020-09-21 10:50:25.463 INFO  c.n.discovery.provider.DiscoveryJerseyProvider    :70   [32m        [0;39m Using JSON encoding codec LegacyJacksonJson
2020-09-21 10:50:25.465 INFO  c.n.discovery.provider.DiscoveryJerseyProvider    :71   [32m        [0;39m Using JSON decoding codec LegacyJacksonJson
2020-09-21 10:50:25.784 INFO  c.n.discovery.provider.DiscoveryJerseyProvider    :80   [32m        [0;39m Using XML encoding codec XStreamXml
2020-09-21 10:50:25.785 INFO  c.n.discovery.provider.DiscoveryJerseyProvider    :81   [32m        [0;39m Using XML decoding codec XStreamXml
2020-09-21 10:50:26.706 WARN  com.netflix.config.sources.URLConfigurationSource :121  [32m        [0;39m No URLs will be polled as dynamic configuration sources.
2020-09-21 10:50:26.706 INFO  com.netflix.config.sources.URLConfigurationSource :122  [32m        [0;39m To enable URLs as dynamic configuration sources, define System property archaius.configurationSource.additionalUrls or make config.properties available on classpath.
2020-09-21 10:50:27.030 INFO  o.s.scheduling.concurrent.ThreadPoolTaskExecutor  :171  [32m        [0;39m Initializing ExecutorService 'applicationTaskExecutor'
2020-09-21 10:50:28.473 INFO  o.s.c.n.e.c.DiscoveryClientOptionalArgsConfiguration:78   [32m        [0;39m Eureka HTTP Client uses Jersey
2020-09-21 10:50:28.523 WARN  o.s.c.l.c.BlockingLoadBalancerClientAutoConfiguration$BlockingLoadBalancerClientRibbonWarnLogger:86   [32m        [0;39m You already have RibbonLoadBalancerClient on your classpath. It will be used by default. As Spring Cloud Ribbon is in maintenance mode. We recommend switching to BlockingLoadBalancerClient instead. In order to use it, set the value of `spring.cloud.loadbalancer.ribbon.enabled` to `false` or remove spring-cloud-starter-netflix-ribbon from your project.
2020-09-21 10:50:28.615 INFO  o.s.cloud.netflix.eureka.InstanceInfoFactory      :72   [32m        [0;39m Setting initial instance status as: STARTING
2020-09-21 10:50:28.683 INFO  com.netflix.discovery.DiscoveryClient             :371  [32m        [0;39m Initializing Eureka in region us-east-1
2020-09-21 10:50:28.685 INFO  com.netflix.discovery.DiscoveryClient             :374  [32m        [0;39m Client configured to neither register nor query for data.
2020-09-21 10:50:28.705 INFO  com.netflix.discovery.DiscoveryClient             :389  [32m        [0;39m Discovery Client initialized at timestamp 1600656628703 with initial instances count: 0
2020-09-21 10:50:28.796 INFO  com.netflix.eureka.DefaultEurekaServerContext     :66   [32m        [0;39m Initializing ...
2020-09-21 10:50:28.811 INFO  com.netflix.eureka.cluster.PeerEurekaNodes        :187  [32m        [0;39m Adding new peer nodes [http://localhost:8761/eureka/]
2020-09-21 10:50:28.913 INFO  c.n.discovery.provider.DiscoveryJerseyProvider    :70   [32m        [0;39m Using JSON encoding codec LegacyJacksonJson
2020-09-21 10:50:28.914 INFO  c.n.discovery.provider.DiscoveryJerseyProvider    :71   [32m        [0;39m Using JSON decoding codec LegacyJacksonJson
2020-09-21 10:50:28.914 INFO  c.n.discovery.provider.DiscoveryJerseyProvider    :80   [32m        [0;39m Using XML encoding codec XStreamXml
2020-09-21 10:50:28.914 INFO  c.n.discovery.provider.DiscoveryJerseyProvider    :81   [32m        [0;39m Using XML decoding codec XStreamXml
2020-09-21 10:50:29.280 INFO  com.netflix.eureka.cluster.PeerEurekaNodes        :109  [32m        [0;39m Replica node URL:  http://localhost:8761/eureka/
2020-09-21 10:50:29.291 INFO  c.netflix.eureka.registry.AbstractInstanceRegistry:153  [32m        [0;39m Finished initializing remote region registries. All known remote regions: []
2020-09-21 10:50:29.292 INFO  com.netflix.eureka.DefaultEurekaServerContext     :73   [32m        [0;39m Initialized
2020-09-21 10:50:29.309 INFO  o.s.b.actuate.endpoint.web.EndpointLinksResolver  :58   [32m        [0;39m Exposing 2 endpoint(s) beneath base path '/actuator'
2020-09-21 10:50:29.423 INFO  o.s.c.n.e.serviceregistry.EurekaServiceRegistry   :41   [32m        [0;39m Registering application EUREKA with eureka with status UP
2020-09-21 10:50:29.425 INFO  o.s.c.netflix.eureka.server.EurekaServerBootstrap :110  [32m        [0;39m Setting the eureka configuration..
2020-09-21 10:50:29.426 INFO  o.s.c.netflix.eureka.server.EurekaServerBootstrap :115  [32m        [0;39m Eureka data center value eureka.datacenter is not set, defaulting to default
2020-09-21 10:50:29.428 INFO  o.s.c.netflix.eureka.server.EurekaServerBootstrap :129  [32m        [0;39m Eureka environment value eureka.environment is not set, defaulting to test
2020-09-21 10:50:29.471 INFO  o.s.c.netflix.eureka.server.EurekaServerBootstrap :188  [32m        [0;39m isAws returned false
2020-09-21 10:50:29.473 INFO  o.s.c.netflix.eureka.server.EurekaServerBootstrap :153  [32m        [0;39m Initialized server context
2020-09-21 10:50:29.473 INFO  org.apache.coyote.http11.Http11NioProtocol        :173  [32m        [0;39m Starting ProtocolHandler ["http-nio-8761"]
2020-09-21 10:50:29.474 INFO  c.n.eureka.registry.PeerAwareInstanceRegistryImpl :242  [32m        [0;39m Got 1 instances from neighboring DS node
2020-09-21 10:50:29.474 INFO  c.n.eureka.registry.PeerAwareInstanceRegistryImpl :243  [32m        [0;39m Renew threshold is: 1
2020-09-21 10:50:29.475 INFO  c.n.eureka.registry.PeerAwareInstanceRegistryImpl :254  [32m        [0;39m Changing status to UP
2020-09-21 10:50:29.489 INFO  o.s.c.n.e.s.EurekaServerInitializerConfiguration  :72   [32m        [0;39m Started Eureka Server
2020-09-21 10:50:29.526 INFO  o.s.boot.web.embedded.tomcat.TomcatWebServer      :204  [32m        [0;39m Tomcat started on port(s): 8761 (http) with context path ''
2020-09-21 10:50:29.527 INFO  o.s.c.n.e.s.EurekaAutoServiceRegistration         :145  [32m        [0;39m Updating port to 8761
2020-09-21 10:50:30.031 INFO  com.ashbell.course.EurekaApplication              :61   [32m        [0;39m Started EurekaApplication in 13.201 seconds (JVM running for 17.849)
2020-09-21 10:50:30.038 INFO  com.ashbell.course.EurekaApplication              :20   [32m        [0;39m 启动成功！
2020-09-21 10:50:30.039 INFO  com.ashbell.course.EurekaApplication              :21   [32m        [0;39m Eureka地址：	http://127.0.0.1:8761
2020-09-21 10:50:31.069 INFO  o.a.c.core.ContainerBase.[Tomcat].[localhost].[/] :173  [32m        [0;39m Initializing Spring DispatcherServlet 'dispatcherServlet'
2020-09-21 10:50:31.069 INFO  org.springframework.web.servlet.DispatcherServlet :525  [32m        [0;39m Initializing Servlet 'dispatcherServlet'
2020-09-21 10:50:31.089 INFO  org.springframework.web.servlet.DispatcherServlet :547  [32m        [0;39m Completed initialization in 19 ms
2020-09-21 10:51:28.399 INFO  o.s.c.n.e.serviceregistry.EurekaServiceRegistry   :65   [32m        [0;39m Unregistering application EUREKA with eureka with status DOWN
2020-09-21 10:51:28.403 INFO  com.netflix.eureka.DefaultEurekaServerContext     :79   [32m        [0;39m Shutting down ...
2020-09-21 10:51:28.428 INFO  com.netflix.eureka.DefaultEurekaServerContext     :84   [32m        [0;39m Shut down
2020-09-21 10:51:28.433 INFO  o.s.scheduling.concurrent.ThreadPoolTaskExecutor  :208  [32m        [0;39m Shutting down ExecutorService 'applicationTaskExecutor'
2020-09-21 10:51:28.438 INFO  com.netflix.discovery.DiscoveryClient             :932  [32m        [0;39m Shutting down DiscoveryClient ...
2020-09-21 10:51:28.439 INFO  com.netflix.discovery.DiscoveryClient             :957  [32m        [0;39m Completed shut down of DiscoveryClient
2020-09-21 10:51:39.849 INFO  com.ashbell.course.EurekaApplication              :651  [32m        [0;39m No active profile set, falling back to default profiles: default
2020-09-21 10:51:41.201 WARN  o.springframework.boot.actuate.endpoint.EndpointId:155  [32m        [0;39m Endpoint ID 'service-registry' contains invalid characters, please migrate to a valid format.
2020-09-21 10:51:41.522 INFO  o.springframework.cloud.context.scope.GenericScope:295  [32m        [0;39m BeanFactory id=6b41af92-f8a3-372e-be2b-a2f72876d252
2020-09-21 10:51:42.780 INFO  o.s.boot.web.embedded.tomcat.TomcatWebServer      :92   [32m        [0;39m Tomcat initialized with port(s): 8761 (http)
2020-09-21 10:51:42.794 INFO  org.apache.coyote.http11.Http11NioProtocol        :173  [32m        [0;39m Initializing ProtocolHandler ["http-nio-8761"]
2020-09-21 10:51:42.795 INFO  org.apache.catalina.core.StandardService          :173  [32m        [0;39m Starting service [Tomcat]
2020-09-21 10:51:42.795 INFO  org.apache.catalina.core.StandardEngine           :173  [32m        [0;39m Starting Servlet engine: [Apache Tomcat/9.0.29]
2020-09-21 10:51:43.014 INFO  o.a.c.core.ContainerBase.[Tomcat].[localhost].[/] :173  [32m        [0;39m Initializing Spring embedded WebApplicationContext
2020-09-21 10:51:43.015 INFO  org.springframework.web.context.ContextLoader     :284  [32m        [0;39m Root WebApplicationContext: initialization completed in 3128 ms
2020-09-21 10:51:43.207 WARN  com.netflix.config.sources.URLConfigurationSource :121  [32m        [0;39m No URLs will be polled as dynamic configuration sources.
2020-09-21 10:51:43.209 INFO  com.netflix.config.sources.URLConfigurationSource :122  [32m        [0;39m To enable URLs as dynamic configuration sources, define System property archaius.configurationSource.additionalUrls or make config.properties available on classpath.
2020-09-21 10:51:43.243 INFO  com.netflix.config.DynamicPropertyFactory         :281  [32m        [0;39m DynamicPropertyFactory is initialized with configuration sources: com.netflix.config.ConcurrentCompositeConfiguration@5834198f
2020-09-21 10:51:45.120 INFO  c.s.j.server.impl.application.WebApplicationImpl  :815  [32m        [0;39m Initiating Jersey application, version 'Jersey: 1.19.1 03/11/2016 02:08 PM'
2020-09-21 10:51:45.236 INFO  c.n.discovery.provider.DiscoveryJerseyProvider    :70   [32m        [0;39m Using JSON encoding codec LegacyJacksonJson
2020-09-21 10:51:45.239 INFO  c.n.discovery.provider.DiscoveryJerseyProvider    :71   [32m        [0;39m Using JSON decoding codec LegacyJacksonJson
2020-09-21 10:51:45.524 INFO  c.n.discovery.provider.DiscoveryJerseyProvider    :80   [32m        [0;39m Using XML encoding codec XStreamXml
2020-09-21 10:51:45.524 INFO  c.n.discovery.provider.DiscoveryJerseyProvider    :81   [32m        [0;39m Using XML decoding codec XStreamXml
2020-09-21 10:51:46.518 WARN  com.netflix.config.sources.URLConfigurationSource :121  [32m        [0;39m No URLs will be polled as dynamic configuration sources.
2020-09-21 10:51:46.518 INFO  com.netflix.config.sources.URLConfigurationSource :122  [32m        [0;39m To enable URLs as dynamic configuration sources, define System property archaius.configurationSource.additionalUrls or make config.properties available on classpath.
2020-09-21 10:51:46.867 INFO  o.s.scheduling.concurrent.ThreadPoolTaskExecutor  :171  [32m        [0;39m Initializing ExecutorService 'applicationTaskExecutor'
2020-09-21 10:51:48.457 INFO  o.s.c.n.e.c.DiscoveryClientOptionalArgsConfiguration:78   [32m        [0;39m Eureka HTTP Client uses Jersey
2020-09-21 10:51:48.515 WARN  o.s.c.l.c.BlockingLoadBalancerClientAutoConfiguration$BlockingLoadBalancerClientRibbonWarnLogger:86   [32m        [0;39m You already have RibbonLoadBalancerClient on your classpath. It will be used by default. As Spring Cloud Ribbon is in maintenance mode. We recommend switching to BlockingLoadBalancerClient instead. In order to use it, set the value of `spring.cloud.loadbalancer.ribbon.enabled` to `false` or remove spring-cloud-starter-netflix-ribbon from your project.
2020-09-21 10:51:48.653 INFO  o.s.cloud.netflix.eureka.InstanceInfoFactory      :72   [32m        [0;39m Setting initial instance status as: STARTING
2020-09-21 10:51:48.729 INFO  com.netflix.discovery.DiscoveryClient             :371  [32m        [0;39m Initializing Eureka in region us-east-1
2020-09-21 10:51:48.730 INFO  com.netflix.discovery.DiscoveryClient             :374  [32m        [0;39m Client configured to neither register nor query for data.
2020-09-21 10:51:48.761 INFO  com.netflix.discovery.DiscoveryClient             :389  [32m        [0;39m Discovery Client initialized at timestamp 1600656708755 with initial instances count: 0
2020-09-21 10:51:48.853 INFO  com.netflix.eureka.DefaultEurekaServerContext     :66   [32m        [0;39m Initializing ...
2020-09-21 10:51:48.856 INFO  com.netflix.eureka.cluster.PeerEurekaNodes        :187  [32m        [0;39m Adding new peer nodes [http://localhost:8761/eureka/]
2020-09-21 10:51:48.954 INFO  c.n.discovery.provider.DiscoveryJerseyProvider    :70   [32m        [0;39m Using JSON encoding codec LegacyJacksonJson
2020-09-21 10:51:48.955 INFO  c.n.discovery.provider.DiscoveryJerseyProvider    :71   [32m        [0;39m Using JSON decoding codec LegacyJacksonJson
2020-09-21 10:51:48.955 INFO  c.n.discovery.provider.DiscoveryJerseyProvider    :80   [32m        [0;39m Using XML encoding codec XStreamXml
2020-09-21 10:51:48.955 INFO  c.n.discovery.provider.DiscoveryJerseyProvider    :81   [32m        [0;39m Using XML decoding codec XStreamXml
2020-09-21 10:51:49.291 INFO  com.netflix.eureka.cluster.PeerEurekaNodes        :109  [32m        [0;39m Replica node URL:  http://localhost:8761/eureka/
2020-09-21 10:51:49.302 INFO  c.netflix.eureka.registry.AbstractInstanceRegistry:153  [32m        [0;39m Finished initializing remote region registries. All known remote regions: []
2020-09-21 10:51:49.302 INFO  com.netflix.eureka.DefaultEurekaServerContext     :73   [32m        [0;39m Initialized
2020-09-21 10:51:49.318 INFO  o.s.b.actuate.endpoint.web.EndpointLinksResolver  :58   [32m        [0;39m Exposing 2 endpoint(s) beneath base path '/actuator'
2020-09-21 10:51:49.452 INFO  o.s.c.n.e.serviceregistry.EurekaServiceRegistry   :41   [32m        [0;39m Registering application EUREKA with eureka with status UP
2020-09-21 10:51:49.455 INFO  o.s.c.netflix.eureka.server.EurekaServerBootstrap :110  [32m        [0;39m Setting the eureka configuration..
2020-09-21 10:51:49.456 INFO  o.s.c.netflix.eureka.server.EurekaServerBootstrap :115  [32m        [0;39m Eureka data center value eureka.datacenter is not set, defaulting to default
2020-09-21 10:51:49.457 INFO  o.s.c.netflix.eureka.server.EurekaServerBootstrap :129  [32m        [0;39m Eureka environment value eureka.environment is not set, defaulting to test
2020-09-21 10:51:49.474 INFO  o.s.c.netflix.eureka.server.EurekaServerBootstrap :188  [32m        [0;39m isAws returned false
2020-09-21 10:51:49.474 INFO  org.apache.coyote.http11.Http11NioProtocol        :173  [32m        [0;39m Starting ProtocolHandler ["http-nio-8761"]
2020-09-21 10:51:49.474 INFO  o.s.c.netflix.eureka.server.EurekaServerBootstrap :153  [32m        [0;39m Initialized server context
2020-09-21 10:51:49.475 INFO  c.n.eureka.registry.PeerAwareInstanceRegistryImpl :242  [32m        [0;39m Got 1 instances from neighboring DS node
2020-09-21 10:51:49.475 INFO  c.n.eureka.registry.PeerAwareInstanceRegistryImpl :243  [32m        [0;39m Renew threshold is: 1
2020-09-21 10:51:49.475 INFO  c.n.eureka.registry.PeerAwareInstanceRegistryImpl :254  [32m        [0;39m Changing status to UP
2020-09-21 10:51:49.483 INFO  o.s.c.n.e.s.EurekaServerInitializerConfiguration  :72   [32m        [0;39m Started Eureka Server
2020-09-21 10:51:49.520 INFO  o.s.boot.web.embedded.tomcat.TomcatWebServer      :204  [32m        [0;39m Tomcat started on port(s): 8761 (http) with context path ''
2020-09-21 10:51:49.521 INFO  o.s.c.n.e.s.EurekaAutoServiceRegistration         :145  [32m        [0;39m Updating port to 8761
2020-09-21 10:51:50.250 INFO  com.ashbell.course.EurekaApplication              :61   [32m        [0;39m Started EurekaApplication in 13.148 seconds (JVM running for 17.594)
2020-09-21 10:51:50.257 INFO  com.ashbell.course.EurekaApplication              :20   [32m        [0;39m 启动成功！
2020-09-21 10:51:50.257 INFO  com.ashbell.course.EurekaApplication              :21   [32m        [0;39m Eureka地址：	http://127.0.0.1:8761
2020-09-21 10:51:50.990 INFO  o.a.c.core.ContainerBase.[Tomcat].[localhost].[/] :173  [32m        [0;39m Initializing Spring DispatcherServlet 'dispatcherServlet'
2020-09-21 10:51:50.990 INFO  org.springframework.web.servlet.DispatcherServlet :525  [32m        [0;39m Initializing Servlet 'dispatcherServlet'
2020-09-21 10:51:50.999 INFO  org.springframework.web.servlet.DispatcherServlet :547  [32m        [0;39m Completed initialization in 9 ms
2020-09-21 10:52:30.457 INFO  o.s.c.n.e.serviceregistry.EurekaServiceRegistry   :65   [32m        [0;39m Unregistering application EUREKA with eureka with status DOWN
2020-09-21 10:52:30.460 INFO  com.netflix.eureka.DefaultEurekaServerContext     :79   [32m        [0;39m Shutting down ...
2020-09-21 10:52:30.485 INFO  com.netflix.eureka.DefaultEurekaServerContext     :84   [32m        [0;39m Shut down
2020-09-21 10:52:30.490 INFO  o.s.scheduling.concurrent.ThreadPoolTaskExecutor  :208  [32m        [0;39m Shutting down ExecutorService 'applicationTaskExecutor'
2020-09-21 10:52:30.495 INFO  com.netflix.discovery.DiscoveryClient             :932  [32m        [0;39m Shutting down DiscoveryClient ...
2020-09-21 10:52:30.496 INFO  com.netflix.discovery.DiscoveryClient             :957  [32m        [0;39m Completed shut down of DiscoveryClient
2020-09-21 10:52:42.646 INFO  com.ashbell.course.EurekaApplication              :651  [32m        [0;39m No active profile set, falling back to default profiles: default
2020-09-21 10:52:44.036 WARN  o.springframework.boot.actuate.endpoint.EndpointId:155  [32m        [0;39m Endpoint ID 'service-registry' contains invalid characters, please migrate to a valid format.
2020-09-21 10:52:44.364 INFO  o.springframework.cloud.context.scope.GenericScope:295  [32m        [0;39m BeanFactory id=6b41af92-f8a3-372e-be2b-a2f72876d252
2020-09-21 10:52:45.304 INFO  o.s.boot.web.embedded.tomcat.TomcatWebServer      :92   [32m        [0;39m Tomcat initialized with port(s): 8761 (http)
2020-09-21 10:52:45.330 INFO  org.apache.coyote.http11.Http11NioProtocol        :173  [32m        [0;39m Initializing ProtocolHandler ["http-nio-8761"]
2020-09-21 10:52:45.333 INFO  org.apache.catalina.core.StandardService          :173  [32m        [0;39m Starting service [Tomcat]
2020-09-21 10:52:45.334 INFO  org.apache.catalina.core.StandardEngine           :173  [32m        [0;39m Starting Servlet engine: [Apache Tomcat/9.0.29]
2020-09-21 10:52:45.893 INFO  o.a.c.core.ContainerBase.[Tomcat].[localhost].[/] :173  [32m        [0;39m Initializing Spring embedded WebApplicationContext
2020-09-21 10:52:45.893 INFO  org.springframework.web.context.ContextLoader     :284  [32m        [0;39m Root WebApplicationContext: initialization completed in 3192 ms
2020-09-21 10:52:46.037 WARN  com.netflix.config.sources.URLConfigurationSource :121  [32m        [0;39m No URLs will be polled as dynamic configuration sources.
2020-09-21 10:52:46.037 INFO  com.netflix.config.sources.URLConfigurationSource :122  [32m        [0;39m To enable URLs as dynamic configuration sources, define System property archaius.configurationSource.additionalUrls or make config.properties available on classpath.
2020-09-21 10:52:46.050 INFO  com.netflix.config.DynamicPropertyFactory         :281  [32m        [0;39m DynamicPropertyFactory is initialized with configuration sources: com.netflix.config.ConcurrentCompositeConfiguration@fcd0e8d
2020-09-21 10:52:47.752 INFO  c.s.j.server.impl.application.WebApplicationImpl  :815  [32m        [0;39m Initiating Jersey application, version 'Jersey: 1.19.1 03/11/2016 02:08 PM'
2020-09-21 10:52:47.940 INFO  c.n.discovery.provider.DiscoveryJerseyProvider    :70   [32m        [0;39m Using JSON encoding codec LegacyJacksonJson
2020-09-21 10:52:47.942 INFO  c.n.discovery.provider.DiscoveryJerseyProvider    :71   [32m        [0;39m Using JSON decoding codec LegacyJacksonJson
2020-09-21 10:52:48.264 INFO  c.n.discovery.provider.DiscoveryJerseyProvider    :80   [32m        [0;39m Using XML encoding codec XStreamXml
2020-09-21 10:52:48.264 INFO  c.n.discovery.provider.DiscoveryJerseyProvider    :81   [32m        [0;39m Using XML decoding codec XStreamXml
2020-09-21 10:52:49.146 WARN  com.netflix.config.sources.URLConfigurationSource :121  [32m        [0;39m No URLs will be polled as dynamic configuration sources.
2020-09-21 10:52:49.146 INFO  com.netflix.config.sources.URLConfigurationSource :122  [32m        [0;39m To enable URLs as dynamic configuration sources, define System property archaius.configurationSource.additionalUrls or make config.properties available on classpath.
2020-09-21 10:52:49.426 INFO  o.s.scheduling.concurrent.ThreadPoolTaskExecutor  :171  [32m        [0;39m Initializing ExecutorService 'applicationTaskExecutor'
2020-09-21 10:52:50.892 INFO  o.s.c.n.e.c.DiscoveryClientOptionalArgsConfiguration:78   [32m        [0;39m Eureka HTTP Client uses Jersey
2020-09-21 10:52:50.940 WARN  o.s.c.l.c.BlockingLoadBalancerClientAutoConfiguration$BlockingLoadBalancerClientRibbonWarnLogger:86   [32m        [0;39m You already have RibbonLoadBalancerClient on your classpath. It will be used by default. As Spring Cloud Ribbon is in maintenance mode. We recommend switching to BlockingLoadBalancerClient instead. In order to use it, set the value of `spring.cloud.loadbalancer.ribbon.enabled` to `false` or remove spring-cloud-starter-netflix-ribbon from your project.
2020-09-21 10:52:51.030 INFO  o.s.cloud.netflix.eureka.InstanceInfoFactory      :72   [32m        [0;39m Setting initial instance status as: STARTING
2020-09-21 10:52:51.085 INFO  com.netflix.discovery.DiscoveryClient             :371  [32m        [0;39m Initializing Eureka in region us-east-1
2020-09-21 10:52:51.086 INFO  com.netflix.discovery.DiscoveryClient             :374  [32m        [0;39m Client configured to neither register nor query for data.
2020-09-21 10:52:51.095 INFO  com.netflix.discovery.DiscoveryClient             :389  [32m        [0;39m Discovery Client initialized at timestamp 1600656771093 with initial instances count: 0
2020-09-21 10:52:51.150 INFO  com.netflix.eureka.DefaultEurekaServerContext     :66   [32m        [0;39m Initializing ...
2020-09-21 10:52:51.153 INFO  com.netflix.eureka.cluster.PeerEurekaNodes        :187  [32m        [0;39m Adding new peer nodes [http://localhost:8761/eureka/]
2020-09-21 10:52:51.261 INFO  c.n.discovery.provider.DiscoveryJerseyProvider    :70   [32m        [0;39m Using JSON encoding codec LegacyJacksonJson
2020-09-21 10:52:51.261 INFO  c.n.discovery.provider.DiscoveryJerseyProvider    :71   [32m        [0;39m Using JSON decoding codec LegacyJacksonJson
2020-09-21 10:52:51.262 INFO  c.n.discovery.provider.DiscoveryJerseyProvider    :80   [32m        [0;39m Using XML encoding codec XStreamXml
2020-09-21 10:52:51.262 INFO  c.n.discovery.provider.DiscoveryJerseyProvider    :81   [32m        [0;39m Using XML decoding codec XStreamXml
2020-09-21 10:52:51.509 INFO  com.netflix.eureka.cluster.PeerEurekaNodes        :109  [32m        [0;39m Replica node URL:  http://localhost:8761/eureka/
2020-09-21 10:52:51.529 INFO  c.netflix.eureka.registry.AbstractInstanceRegistry:153  [32m        [0;39m Finished initializing remote region registries. All known remote regions: []
2020-09-21 10:52:51.531 INFO  com.netflix.eureka.DefaultEurekaServerContext     :73   [32m        [0;39m Initialized
2020-09-21 10:52:51.556 INFO  o.s.b.actuate.endpoint.web.EndpointLinksResolver  :58   [32m        [0;39m Exposing 2 endpoint(s) beneath base path '/actuator'
2020-09-21 10:52:51.708 INFO  o.s.c.n.e.serviceregistry.EurekaServiceRegistry   :41   [32m        [0;39m Registering application EUREKA with eureka with status UP
2020-09-21 10:52:51.711 INFO  o.s.c.netflix.eureka.server.EurekaServerBootstrap :110  [32m        [0;39m Setting the eureka configuration..
2020-09-21 10:52:51.712 INFO  o.s.c.netflix.eureka.server.EurekaServerBootstrap :115  [32m        [0;39m Eureka data center value eureka.datacenter is not set, defaulting to default
2020-09-21 10:52:51.713 INFO  o.s.c.netflix.eureka.server.EurekaServerBootstrap :129  [32m        [0;39m Eureka environment value eureka.environment is not set, defaulting to test
2020-09-21 10:52:51.730 INFO  o.s.c.netflix.eureka.server.EurekaServerBootstrap :188  [32m        [0;39m isAws returned false
2020-09-21 10:52:51.730 INFO  org.apache.coyote.http11.Http11NioProtocol        :173  [32m        [0;39m Starting ProtocolHandler ["http-nio-8761"]
2020-09-21 10:52:51.731 INFO  o.s.c.netflix.eureka.server.EurekaServerBootstrap :153  [32m        [0;39m Initialized server context
2020-09-21 10:52:51.731 INFO  c.n.eureka.registry.PeerAwareInstanceRegistryImpl :242  [32m        [0;39m Got 1 instances from neighboring DS node
2020-09-21 10:52:51.731 INFO  c.n.eureka.registry.PeerAwareInstanceRegistryImpl :243  [32m        [0;39m Renew threshold is: 1
2020-09-21 10:52:51.731 INFO  c.n.eureka.registry.PeerAwareInstanceRegistryImpl :254  [32m        [0;39m Changing status to UP
2020-09-21 10:52:51.742 INFO  o.s.c.n.e.s.EurekaServerInitializerConfiguration  :72   [32m        [0;39m Started Eureka Server
2020-09-21 10:52:51.811 INFO  o.s.boot.web.embedded.tomcat.TomcatWebServer      :204  [32m        [0;39m Tomcat started on port(s): 8761 (http) with context path ''
2020-09-21 10:52:51.816 INFO  o.s.c.n.e.s.EurekaAutoServiceRegistration         :145  [32m        [0;39m Updating port to 8761
2020-09-21 10:52:52.363 INFO  com.ashbell.course.EurekaApplication              :61   [32m        [0;39m Started EurekaApplication in 12.557 seconds (JVM running for 17.245)
2020-09-21 10:52:52.369 INFO  com.ashbell.course.EurekaApplication              :20   [32m        [0;39m 启动成功！
2020-09-21 10:52:52.369 INFO  com.ashbell.course.EurekaApplication              :21   [32m        [0;39m Eureka地址：	http://127.0.0.1:8761
2020-09-21 10:52:53.012 INFO  o.a.c.core.ContainerBase.[Tomcat].[localhost].[/] :173  [32m        [0;39m Initializing Spring DispatcherServlet 'dispatcherServlet'
2020-09-21 10:52:53.013 INFO  org.springframework.web.servlet.DispatcherServlet :525  [32m        [0;39m Initializing Servlet 'dispatcherServlet'
2020-09-21 10:52:53.022 INFO  org.springframework.web.servlet.DispatcherServlet :547  [32m        [0;39m Completed initialization in 9 ms
